  [1m[35m (313.2ms)[0m  [1m[35mCREATE DATABASE "music_app_development" ENCODING = 'unicode'[0m
  ↳ bin/rails:9
  [1m[35m (264.3ms)[0m  [1m[35mCREATE DATABASE "music_app_test" ENCODING = 'unicode'[0m
  ↳ bin/rails:9
  [1m[35m (12.5ms)[0m  [1m[35mCREATE TABLE "schema_migrations" ("version" character varying NOT NULL PRIMARY KEY)[0m
  ↳ bin/rails:9
  [1m[35m (3.0ms)[0m  [1m[35mCREATE TABLE "ar_internal_metadata" ("key" character varying NOT NULL PRIMARY KEY, "value" character varying, "created_at" timestamp NOT NULL, "updated_at" timestamp NOT NULL)[0m
  ↳ bin/rails:9
  [1m[35m (0.9ms)[0m  [1m[34mSELECT pg_try_advisory_lock(4505726345591715405)[0m
  ↳ bin/rails:9
  [1m[35m (1.0ms)[0m  [1m[34mSELECT "schema_migrations"."version" FROM "schema_migrations" ORDER BY "schema_migrations"."version" ASC[0m
  ↳ bin/rails:9
Migrating to CreateUsers (20190131214639)
  [1m[35m (0.2ms)[0m  [1m[35mBEGIN[0m
  ↳ bin/rails:9
  [1m[35m (6.3ms)[0m  [1m[35mCREATE TABLE "users" ("id" bigserial primary key, "username" character varying, "password_digest" character varying, "session_token" character varying, "created_at" timestamp NOT NULL, "updated_at" timestamp NOT NULL)[0m
  ↳ db/migrate/20190131214639_create_users.rb:3
  [1m[36mActiveRecord::SchemaMigration Create (2.8ms)[0m  [1m[32mINSERT INTO "schema_migrations" ("version") VALUES ($1) RETURNING "version"[0m  [["version", "20190131214639"]]
  ↳ bin/rails:9
  [1m[35m (0.4ms)[0m  [1m[35mCOMMIT[0m
  ↳ bin/rails:9
  [1m[36mActiveRecord::InternalMetadata Load (0.7ms)[0m  [1m[34mSELECT  "ar_internal_metadata".* FROM "ar_internal_metadata" WHERE "ar_internal_metadata"."key" = $1 LIMIT $2[0m  [["key", "environment"], ["LIMIT", 1]]
  ↳ bin/rails:9
  [1m[35m (0.1ms)[0m  [1m[35mBEGIN[0m
  ↳ bin/rails:9
  [1m[36mActiveRecord::InternalMetadata Create (1.5ms)[0m  [1m[32mINSERT INTO "ar_internal_metadata" ("key", "value", "created_at", "updated_at") VALUES ($1, $2, $3, $4) RETURNING "key"[0m  [["key", "environment"], ["value", "development"], ["created_at", "2019-01-31 21:54:39.206739"], ["updated_at", "2019-01-31 21:54:39.206739"]]
  ↳ bin/rails:9
  [1m[35m (0.4ms)[0m  [1m[35mCOMMIT[0m
  ↳ bin/rails:9
  [1m[35m (0.3ms)[0m  [1m[34mSELECT pg_advisory_unlock(4505726345591715405)[0m
  ↳ bin/rails:9
  [1m[35m (0.6ms)[0m  [1m[34mSELECT "schema_migrations"."version" FROM "schema_migrations" ORDER BY "schema_migrations"."version" ASC[0m
  ↳ bin/rails:9
  [1m[35m (0.8ms)[0m  [1m[34mSELECT "schema_migrations"."version" FROM "schema_migrations" ORDER BY "schema_migrations"."version" ASC[0m
  ↳ /Users/erictso/.rvm/gems/ruby-2.5.1/bin/annotate:23
  [1m[35m (0.8ms)[0m  [1m[34mSELECT "schema_migrations"."version" FROM "schema_migrations" ORDER BY "schema_migrations"."version" ASC[0m
  ↳ bin/rails:9
  [1m[35m (0.4ms)[0m  [1m[34mSELECT "schema_migrations"."version" FROM "schema_migrations" ORDER BY "schema_migrations"."version" ASC[0m
  ↳ bin/rails:9
  [1m[35m (0.3ms)[0m  [1m[34mSELECT "schema_migrations"."version" FROM "schema_migrations" ORDER BY "schema_migrations"."version" ASC[0m
  ↳ bin/rails:9
  [1m[35m (0.2ms)[0m  [1m[34mSELECT pg_try_advisory_lock(4505726345591715405)[0m
  ↳ bin/rails:9
  [1m[35m (0.2ms)[0m  [1m[34mSELECT "schema_migrations"."version" FROM "schema_migrations" ORDER BY "schema_migrations"."version" ASC[0m
  ↳ bin/rails:9
Migrating to CreateUsers (20190131214639)
  [1m[35m (0.1ms)[0m  [1m[35mBEGIN[0m
  ↳ bin/rails:9
  [1m[35m (8.5ms)[0m  [1m[35mDROP TABLE "users"[0m
  ↳ bin/rails:9
  [1m[36mActiveRecord::SchemaMigration Destroy (3.3ms)[0m  [1m[31mDELETE FROM "schema_migrations" WHERE "schema_migrations"."version" = $1[0m  [["version", "20190131214639"]]
  ↳ bin/rails:9
  [1m[35m (1.8ms)[0m  [1m[35mCOMMIT[0m
  ↳ bin/rails:9
  [1m[35m (0.3ms)[0m  [1m[34mSELECT pg_advisory_unlock(4505726345591715405)[0m
  ↳ bin/rails:9
  [1m[35m (0.2ms)[0m  [1m[34mSELECT "schema_migrations"."version" FROM "schema_migrations" ORDER BY "schema_migrations"."version" ASC[0m
  ↳ bin/rails:9
  [1m[35m (0.2ms)[0m  [1m[34mSELECT pg_try_advisory_lock(4505726345591715405)[0m
  ↳ bin/rails:9
  [1m[35m (0.6ms)[0m  [1m[34mSELECT "schema_migrations"."version" FROM "schema_migrations" ORDER BY "schema_migrations"."version" ASC[0m
  ↳ bin/rails:9
Migrating to CreateUsers (20190131214639)
  [1m[35m (0.1ms)[0m  [1m[35mBEGIN[0m
  ↳ bin/rails:9
  [1m[35m (4.8ms)[0m  [1m[35mCREATE TABLE "users" ("id" bigserial primary key, "email" character varying NOT NULL, "password_digest" character varying NOT NULL, "session_token" character varying NOT NULL, "created_at" timestamp NOT NULL, "updated_at" timestamp NOT NULL)[0m
  ↳ db/migrate/20190131214639_create_users.rb:3
  [1m[35m (1.6ms)[0m  [1m[35mCREATE  INDEX  "index_users_on_email" ON "users"  ("email")[0m
  ↳ db/migrate/20190131214639_create_users.rb:11
  [1m[35m (1.0ms)[0m  [1m[35mCREATE UNIQUE INDEX  "index_users_on_session_token" ON "users"  ("session_token")[0m
  ↳ db/migrate/20190131214639_create_users.rb:12
  [1m[35m (3.3ms)[0m  [1m[35mCREATE UNIQUE INDEX  "index_users_on_activation_token" ON "users"  ("activation_token")[0m
  ↳ db/migrate/20190131214639_create_users.rb:13
  [1m[35m (0.1ms)[0m  [1m[31mROLLBACK[0m
  ↳ bin/rails:9
  [1m[35m (0.2ms)[0m  [1m[34mSELECT pg_advisory_unlock(4505726345591715405)[0m
  ↳ bin/rails:9
  [1m[35m (1.1ms)[0m  [1m[35mCREATE DATABASE "music_app_development" ENCODING = 'unicode'[0m
  ↳ bin/rails:9
  [1m[35m (1.0ms)[0m  [1m[35mCREATE DATABASE "music_app_test" ENCODING = 'unicode'[0m
  ↳ bin/rails:9
  [1m[35m (0.7ms)[0m  [1m[34mSELECT "schema_migrations"."version" FROM "schema_migrations" ORDER BY "schema_migrations"."version" ASC[0m
  ↳ bin/rails:9
  [1m[35m (0.2ms)[0m  [1m[34mSELECT "schema_migrations"."version" FROM "schema_migrations" ORDER BY "schema_migrations"."version" ASC[0m
  ↳ bin/rails:9
  [1m[35mSQL (1.9ms)[0m  [1m[35mCREATE EXTENSION IF NOT EXISTS "plpgsql"[0m
  ↳ db/schema.rb:16
  [1m[35m (0.8ms)[0m  [1m[34mSELECT "schema_migrations"."version" FROM "schema_migrations" ORDER BY "schema_migrations"."version" ASC[0m
  ↳ db/schema.rb:13
  [1m[35m (0.7ms)[0m  [1m[32mINSERT INTO "schema_migrations" (version) VALUES (0)[0m
  ↳ db/schema.rb:13
  [1m[36mActiveRecord::InternalMetadata Load (0.9ms)[0m  [1m[34mSELECT  "ar_internal_metadata".* FROM "ar_internal_metadata" WHERE "ar_internal_metadata"."key" = $1 LIMIT $2[0m  [["key", "environment"], ["LIMIT", 1]]
  ↳ db/schema.rb:13
  [1m[35m (0.2ms)[0m  [1m[35mBEGIN[0m
  ↳ db/schema.rb:13
  [1m[35m (0.1ms)[0m  [1m[35mCOMMIT[0m
  ↳ db/schema.rb:13
  [1m[36mActiveRecord::InternalMetadata Load (0.3ms)[0m  [1m[34mSELECT  "ar_internal_metadata".* FROM "ar_internal_metadata" WHERE "ar_internal_metadata"."key" = $1 LIMIT $2[0m  [["key", "environment"], ["LIMIT", 1]]
  ↳ bin/rails:9
  [1m[35m (0.1ms)[0m  [1m[35mBEGIN[0m
  ↳ bin/rails:9
  [1m[35m (0.1ms)[0m  [1m[35mCOMMIT[0m
  ↳ bin/rails:9
  [1m[35mSQL (1.0ms)[0m  [1m[35mCREATE EXTENSION IF NOT EXISTS "plpgsql"[0m
  ↳ db/schema.rb:16
  [1m[35m (12.7ms)[0m  [1m[35mCREATE TABLE "schema_migrations" ("version" character varying NOT NULL PRIMARY KEY)[0m
  ↳ db/schema.rb:13
  [1m[35m (0.7ms)[0m  [1m[34mSELECT "schema_migrations"."version" FROM "schema_migrations" ORDER BY "schema_migrations"."version" ASC[0m
  ↳ db/schema.rb:13
  [1m[35m (0.5ms)[0m  [1m[32mINSERT INTO "schema_migrations" (version) VALUES (0)[0m
  ↳ db/schema.rb:13
  [1m[35m (2.8ms)[0m  [1m[35mCREATE TABLE "ar_internal_metadata" ("key" character varying NOT NULL PRIMARY KEY, "value" character varying, "created_at" timestamp NOT NULL, "updated_at" timestamp NOT NULL)[0m
  ↳ db/schema.rb:13
  [1m[36mActiveRecord::InternalMetadata Load (0.4ms)[0m  [1m[34mSELECT  "ar_internal_metadata".* FROM "ar_internal_metadata" WHERE "ar_internal_metadata"."key" = $1 LIMIT $2[0m  [["key", "environment"], ["LIMIT", 1]]
  ↳ db/schema.rb:13
  [1m[35m (0.1ms)[0m  [1m[35mBEGIN[0m
  ↳ db/schema.rb:13
  [1m[36mActiveRecord::InternalMetadata Create (0.4ms)[0m  [1m[32mINSERT INTO "ar_internal_metadata" ("key", "value", "created_at", "updated_at") VALUES ($1, $2, $3, $4) RETURNING "key"[0m  [["key", "environment"], ["value", "development"], ["created_at", "2019-01-31 22:02:58.674581"], ["updated_at", "2019-01-31 22:02:58.674581"]]
  ↳ db/schema.rb:13
  [1m[35m (0.3ms)[0m  [1m[35mCOMMIT[0m
  ↳ db/schema.rb:13
  [1m[36mActiveRecord::InternalMetadata Load (0.2ms)[0m  [1m[34mSELECT  "ar_internal_metadata".* FROM "ar_internal_metadata" WHERE "ar_internal_metadata"."key" = $1 LIMIT $2[0m  [["key", "environment"], ["LIMIT", 1]]
  ↳ bin/rails:9
  [1m[35m (0.1ms)[0m  [1m[35mBEGIN[0m
  ↳ bin/rails:9
  [1m[36mActiveRecord::InternalMetadata Update (1.2ms)[0m  [1m[33mUPDATE "ar_internal_metadata" SET "value" = $1, "updated_at" = $2 WHERE "ar_internal_metadata"."key" = $3[0m  [["value", "test"], ["updated_at", "2019-01-31 22:02:58.677836"], ["key", "environment"]]
  ↳ bin/rails:9
  [1m[35m (0.2ms)[0m  [1m[35mCOMMIT[0m
  ↳ bin/rails:9
  [1m[35m (0.8ms)[0m  [1m[34mSELECT "schema_migrations"."version" FROM "schema_migrations" ORDER BY "schema_migrations"."version" ASC[0m
  ↳ bin/rails:9
  [1m[35m (0.2ms)[0m  [1m[34mSELECT pg_try_advisory_lock(4505726345591715405)[0m
  ↳ bin/rails:9
  [1m[35m (0.7ms)[0m  [1m[34mSELECT "schema_migrations"."version" FROM "schema_migrations" ORDER BY "schema_migrations"."version" ASC[0m
  ↳ bin/rails:9
Migrating to CreateUsers (20190131214639)
  [1m[35m (0.1ms)[0m  [1m[35mBEGIN[0m
  ↳ bin/rails:9
  [1m[35m (5.1ms)[0m  [1m[35mCREATE TABLE "users" ("id" bigserial primary key, "email" character varying NOT NULL, "password_digest" character varying NOT NULL, "session_token" character varying NOT NULL, "created_at" timestamp NOT NULL, "updated_at" timestamp NOT NULL)[0m
  ↳ db/migrate/20190131214639_create_users.rb:3
  [1m[35m (0.9ms)[0m  [1m[35mCREATE  INDEX  "index_users_on_email" ON "users"  ("email")[0m
  ↳ db/migrate/20190131214639_create_users.rb:11
  [1m[35m (0.8ms)[0m  [1m[35mCREATE UNIQUE INDEX  "index_users_on_session_token" ON "users"  ("session_token")[0m
  ↳ db/migrate/20190131214639_create_users.rb:12
  [1m[35m (3.8ms)[0m  [1m[35mCREATE UNIQUE INDEX  "index_users_on_activation_token" ON "users"  ("activation_token")[0m
  ↳ db/migrate/20190131214639_create_users.rb:13
  [1m[35m (0.1ms)[0m  [1m[31mROLLBACK[0m
  ↳ bin/rails:9
  [1m[35m (0.2ms)[0m  [1m[34mSELECT pg_advisory_unlock(4505726345591715405)[0m
  ↳ bin/rails:9
  [1m[35m (0.2ms)[0m  [1m[34mSELECT pg_try_advisory_lock(4505726345591715405)[0m
  ↳ bin/rails:9
  [1m[35m (0.7ms)[0m  [1m[34mSELECT "schema_migrations"."version" FROM "schema_migrations" ORDER BY "schema_migrations"."version" ASC[0m
  ↳ bin/rails:9
Migrating to CreateUsers (20190131214639)
  [1m[35m (0.1ms)[0m  [1m[35mBEGIN[0m
  ↳ bin/rails:9
  [1m[35m (5.2ms)[0m  [1m[35mCREATE TABLE "users" ("id" bigserial primary key, "email" character varying NOT NULL, "password_digest" character varying NOT NULL, "session_token" character varying NOT NULL, "created_at" timestamp NOT NULL, "updated_at" timestamp NOT NULL)[0m
  ↳ db/migrate/20190131214639_create_users.rb:3
  [1m[35m (1.0ms)[0m  [1m[35mCREATE  INDEX  "index_users_on_email" ON "users"  ("email")[0m
  ↳ db/migrate/20190131214639_create_users.rb:11
  [1m[35m (0.9ms)[0m  [1m[35mCREATE UNIQUE INDEX  "index_users_on_session_token" ON "users"  ("session_token")[0m
  ↳ db/migrate/20190131214639_create_users.rb:12
  [1m[36mActiveRecord::SchemaMigration Create (0.3ms)[0m  [1m[32mINSERT INTO "schema_migrations" ("version") VALUES ($1) RETURNING "version"[0m  [["version", "20190131214639"]]
  ↳ bin/rails:9
  [1m[35m (0.6ms)[0m  [1m[35mCOMMIT[0m
  ↳ bin/rails:9
  [1m[36mActiveRecord::InternalMetadata Load (0.4ms)[0m  [1m[34mSELECT  "ar_internal_metadata".* FROM "ar_internal_metadata" WHERE "ar_internal_metadata"."key" = $1 LIMIT $2[0m  [["key", "environment"], ["LIMIT", 1]]
  ↳ bin/rails:9
  [1m[35m (0.1ms)[0m  [1m[35mBEGIN[0m
  ↳ bin/rails:9
  [1m[35m (0.1ms)[0m  [1m[35mCOMMIT[0m
  ↳ bin/rails:9
  [1m[35m (0.2ms)[0m  [1m[34mSELECT pg_advisory_unlock(4505726345591715405)[0m
  ↳ bin/rails:9
  [1m[35m (0.3ms)[0m  [1m[34mSELECT "schema_migrations"."version" FROM "schema_migrations" ORDER BY "schema_migrations"."version" ASC[0m
  ↳ bin/rails:9
Started GET "/" for 127.0.0.1 at 2019-01-31 14:55:11 -0800
  [1m[35m (1.9ms)[0m  [1m[34mSELECT "schema_migrations"."version" FROM "schema_migrations" ORDER BY "schema_migrations"."version" ASC[0m
  ↳ /Users/erictso/.rvm/gems/ruby-2.5.1/gems/activerecord-5.2.2/lib/active_record/log_subscriber.rb:98
Processing by Rails::WelcomeController#index as HTML
  Rendering /Users/erictso/.rvm/gems/ruby-2.5.1/gems/railties-5.2.2/lib/rails/templates/rails/welcome/index.html.erb
  Rendered /Users/erictso/.rvm/gems/ruby-2.5.1/gems/railties-5.2.2/lib/rails/templates/rails/welcome/index.html.erb (3.6ms)
Completed 200 OK in 21ms (Views: 12.5ms | ActiveRecord: 0.0ms)


Started GET "/users" for 127.0.0.1 at 2019-01-31 14:55:19 -0800
  
ActionController::RoutingError (No route matches [GET] "/users"):
  
actionpack (5.2.2) lib/action_dispatch/middleware/debug_exceptions.rb:65:in `call'
web-console (3.7.0) lib/web_console/middleware.rb:135:in `call_app'
web-console (3.7.0) lib/web_console/middleware.rb:30:in `block in call'
web-console (3.7.0) lib/web_console/middleware.rb:20:in `catch'
web-console (3.7.0) lib/web_console/middleware.rb:20:in `call'
actionpack (5.2.2) lib/action_dispatch/middleware/show_exceptions.rb:33:in `call'
railties (5.2.2) lib/rails/rack/logger.rb:38:in `call_app'
railties (5.2.2) lib/rails/rack/logger.rb:26:in `block in call'
activesupport (5.2.2) lib/active_support/tagged_logging.rb:71:in `block in tagged'
activesupport (5.2.2) lib/active_support/tagged_logging.rb:28:in `tagged'
activesupport (5.2.2) lib/active_support/tagged_logging.rb:71:in `tagged'
railties (5.2.2) lib/rails/rack/logger.rb:26:in `call'
sprockets-rails (3.2.1) lib/sprockets/rails/quiet_assets.rb:13:in `call'
actionpack (5.2.2) lib/action_dispatch/middleware/remote_ip.rb:81:in `call'
actionpack (5.2.2) lib/action_dispatch/middleware/request_id.rb:27:in `call'
rack (2.0.6) lib/rack/method_override.rb:22:in `call'
rack (2.0.6) lib/rack/runtime.rb:22:in `call'
activesupport (5.2.2) lib/active_support/cache/strategy/local_cache_middleware.rb:29:in `call'
actionpack (5.2.2) lib/action_dispatch/middleware/executor.rb:14:in `call'
actionpack (5.2.2) lib/action_dispatch/middleware/static.rb:127:in `call'
rack (2.0.6) lib/rack/sendfile.rb:111:in `call'
railties (5.2.2) lib/rails/engine.rb:524:in `call'
puma (3.12.0) lib/puma/configuration.rb:225:in `call'
puma (3.12.0) lib/puma/server.rb:658:in `handle_request'
puma (3.12.0) lib/puma/server.rb:472:in `process_client'
puma (3.12.0) lib/puma/server.rb:332:in `block in run'
puma (3.12.0) lib/puma/thread_pool.rb:133:in `block in spawn_thread'
Started GET "/users/new" for 127.0.0.1 at 2019-01-31 14:55:27 -0800
Processing by UsersController#new as HTML
Completed 500 Internal Server Error in 12ms (ActiveRecord: 0.0ms)



ActionView::MissingTemplate - Missing template users/new, application/new with {:locale=>[:en], :formats=>[:html], :variants=>[], :handlers=>[:raw, :erb, :html, :builder, :ruby, :coffee, :jbuilder]}. Searched in:
  * "/Users/erictso/Desktop/AA_ClassWork/W4D4/music_app/app/views"
:
  app/controllers/users_controller.rb:14:in `new'

Started POST "/__better_errors/ab4d8afffc996833/variables" for 127.0.0.1 at 2019-01-31 14:55:27 -0800
Started GET "/users/show" for 127.0.0.1 at 2019-01-31 14:55:51 -0800
Processing by UsersController#show as HTML
  Parameters: {"id"=>"show"}
Completed 406 Not Acceptable in 100ms (ActiveRecord: 0.0ms)



ActionController::UnknownFormat - UsersController#show is missing a template for this request format and variant.

request.formats: ["text/html"]
request.variant: []

NOTE! For XHR/Ajax or API requests, this action would normally respond with 204 No Content: an empty white screen. Since you're loading it in a web browser, we assume that you expected to actually render a template, not nothing, so we're showing an error to be extra-clear. If you expect 204 No Content, carry on. That's what you'll get from an XHR or API request. Give it a shot.:

Started POST "/__better_errors/c36e80cf8db8619c/variables" for 127.0.0.1 at 2019-01-31 14:55:51 -0800
Started GET "/user/new" for 127.0.0.1 at 2019-01-31 14:56:06 -0800
  
ActionController::RoutingError (No route matches [GET] "/user/new"):
  
actionpack (5.2.2) lib/action_dispatch/middleware/debug_exceptions.rb:65:in `call'
web-console (3.7.0) lib/web_console/middleware.rb:135:in `call_app'
web-console (3.7.0) lib/web_console/middleware.rb:30:in `block in call'
web-console (3.7.0) lib/web_console/middleware.rb:20:in `catch'
web-console (3.7.0) lib/web_console/middleware.rb:20:in `call'
actionpack (5.2.2) lib/action_dispatch/middleware/show_exceptions.rb:33:in `call'
railties (5.2.2) lib/rails/rack/logger.rb:38:in `call_app'
railties (5.2.2) lib/rails/rack/logger.rb:26:in `block in call'
activesupport (5.2.2) lib/active_support/tagged_logging.rb:71:in `block in tagged'
activesupport (5.2.2) lib/active_support/tagged_logging.rb:28:in `tagged'
activesupport (5.2.2) lib/active_support/tagged_logging.rb:71:in `tagged'
railties (5.2.2) lib/rails/rack/logger.rb:26:in `call'
sprockets-rails (3.2.1) lib/sprockets/rails/quiet_assets.rb:13:in `call'
actionpack (5.2.2) lib/action_dispatch/middleware/remote_ip.rb:81:in `call'
actionpack (5.2.2) lib/action_dispatch/middleware/request_id.rb:27:in `call'
rack (2.0.6) lib/rack/method_override.rb:22:in `call'
rack (2.0.6) lib/rack/runtime.rb:22:in `call'
activesupport (5.2.2) lib/active_support/cache/strategy/local_cache_middleware.rb:29:in `call'
actionpack (5.2.2) lib/action_dispatch/middleware/executor.rb:14:in `call'
actionpack (5.2.2) lib/action_dispatch/middleware/static.rb:127:in `call'
rack (2.0.6) lib/rack/sendfile.rb:111:in `call'
railties (5.2.2) lib/rails/engine.rb:524:in `call'
puma (3.12.0) lib/puma/configuration.rb:225:in `call'
puma (3.12.0) lib/puma/server.rb:658:in `handle_request'
puma (3.12.0) lib/puma/server.rb:472:in `process_client'
puma (3.12.0) lib/puma/server.rb:332:in `block in run'
puma (3.12.0) lib/puma/thread_pool.rb:133:in `block in spawn_thread'
Started GET "/users/new" for 127.0.0.1 at 2019-01-31 14:57:50 -0800
  [1m[35m (0.9ms)[0m  [1m[34mSELECT "schema_migrations"."version" FROM "schema_migrations" ORDER BY "schema_migrations"."version" ASC[0m
  ↳ /Users/erictso/.rvm/gems/ruby-2.5.1/gems/activerecord-5.2.2/lib/active_record/log_subscriber.rb:98
Processing by UsersController#new as HTML
  Rendering users/new.html.erb within layouts/application
  Rendered users/new.html.erb within layouts/application (1.0ms)
Completed 200 OK in 284ms (Views: 279.8ms | ActiveRecord: 0.0ms)


Started GET "/session/new" for 127.0.0.1 at 2019-01-31 14:57:54 -0800
Processing by SessionsController#new as HTML
  Rendering sessions/new.html.erb within layouts/application
  Rendered sessions/new.html.erb within layouts/application (1.2ms)
Completed 200 OK in 33ms (Views: 31.8ms | ActiveRecord: 0.0ms)


Started GET "/users/new" for 127.0.0.1 at 2019-01-31 14:57:55 -0800
Processing by UsersController#new as HTML
  Rendering users/new.html.erb within layouts/application
  Rendered users/new.html.erb within layouts/application (0.6ms)
Completed 200 OK in 30ms (Views: 29.8ms | ActiveRecord: 0.0ms)


Started GET "/users/new" for 127.0.0.1 at 2019-01-31 14:58:58 -0800
Processing by UsersController#new as HTML
  Rendering users/new.html.erb within layouts/application
  Rendered users/new.html.erb within layouts/application (0.4ms)
Completed 200 OK in 21ms (Views: 20.7ms | ActiveRecord: 0.0ms)


Started GET "/session/new" for 127.0.0.1 at 2019-01-31 14:59:04 -0800
Processing by SessionsController#new as HTML
  Rendering sessions/new.html.erb within layouts/application
  Rendered sessions/new.html.erb within layouts/application (1.0ms)
Completed 200 OK in 27ms (Views: 26.3ms | ActiveRecord: 0.0ms)


Started GET "/session/new" for 127.0.0.1 at 2019-01-31 14:59:49 -0800
Processing by SessionsController#new as HTML
  Rendering sessions/new.html.erb within layouts/application
  Rendered sessions/new.html.erb within layouts/application (0.7ms)
Completed 200 OK in 32ms (Views: 31.8ms | ActiveRecord: 0.0ms)


Started GET "/users/new" for 127.0.0.1 at 2019-01-31 14:59:50 -0800
Processing by UsersController#new as HTML
  Rendering users/new.html.erb within layouts/application
  Rendered users/new.html.erb within layouts/application (0.7ms)
Completed 200 OK in 29ms (Views: 28.2ms | ActiveRecord: 0.0ms)


Started GET "/users/new" for 127.0.0.1 at 2019-01-31 15:00:20 -0800
Processing by UsersController#new as HTML
  Rendering users/new.html.erb within layouts/application
  Rendered users/new.html.erb within layouts/application (0.6ms)
Completed 200 OK in 18ms (Views: 17.2ms | ActiveRecord: 0.0ms)


Started GET "/users/new" for 127.0.0.1 at 2019-01-31 15:01:30 -0800
Processing by UsersController#new as HTML
  Rendering users/new.html.erb within layouts/application
  Rendered users/new.html.erb within layouts/application (0.5ms)
Completed 200 OK in 16ms (Views: 16.0ms | ActiveRecord: 0.0ms)


Started GET "/users/new" for 127.0.0.1 at 2019-01-31 15:01:32 -0800
Processing by UsersController#new as HTML
  Rendering users/new.html.erb within layouts/application
  Rendered users/new.html.erb within layouts/application (0.6ms)
Completed 200 OK in 16ms (Views: 15.4ms | ActiveRecord: 0.0ms)


Started POST "/users" for 127.0.0.1 at 2019-01-31 15:02:09 -0800
Processing by UsersController#create as HTML
  Parameters: {"user"=>{"email"=>"eric@eric.com", "password"=>"[FILTERED]"}}
Can't verify CSRF token authenticity.
Completed 422 Unprocessable Entity in 1ms (ActiveRecord: 0.0ms)



ActionController::InvalidAuthenticityToken - ActionController::InvalidAuthenticityToken:

Started POST "/__better_errors/2f852a5d31e47826/variables" for 127.0.0.1 at 2019-01-31 15:02:09 -0800
Started GET "/users/new" for 127.0.0.1 at 2019-01-31 15:15:24 -0800
Processing by UsersController#new as HTML
  Rendering users/new.html.erb within layouts/application
  Rendered users/new.html.erb within layouts/application (0.5ms)
Completed 200 OK in 22ms (Views: 21.6ms | ActiveRecord: 0.0ms)


Started POST "/users" for 127.0.0.1 at 2019-01-31 15:15:41 -0800
Processing by UsersController#create as HTML
  Parameters: {"user"=>{"email"=>"eric@eric.com", "password"=>"[FILTERED]"}}
Can't verify CSRF token authenticity.
Completed 422 Unprocessable Entity in 0ms (ActiveRecord: 0.0ms)



ActionController::InvalidAuthenticityToken - ActionController::InvalidAuthenticityToken:

Started POST "/__better_errors/ee1f8f5f33996a29/variables" for 127.0.0.1 at 2019-01-31 15:15:41 -0800
Started GET "/users/new" for 127.0.0.1 at 2019-01-31 15:16:45 -0800
Processing by UsersController#new as HTML
  Rendering users/new.html.erb within layouts/application
  Rendered users/new.html.erb within layouts/application (0.5ms)
Completed 200 OK in 16ms (Views: 15.8ms | ActiveRecord: 0.0ms)


Started GET "/session/new" for 127.0.0.1 at 2019-01-31 15:16:50 -0800
Processing by SessionsController#new as HTML
  Rendering sessions/new.html.erb within layouts/application
  Rendered sessions/new.html.erb within layouts/application (0.8ms)
Completed 200 OK in 29ms (Views: 28.5ms | ActiveRecord: 0.0ms)


Started POST "/session" for 127.0.0.1 at 2019-01-31 15:16:58 -0800
Processing by SessionsController#create as HTML
  Parameters: {"authenticity_token"=>"Ry8E6Bi5nmwee7lNeta1EcTF55QrCtD/rWnMEJoBk1crO8LLkpx73GA1XJdX6DLKPZ3Ejn7s1D3DJaL76TkFUg==", "user"=>{"email"=>"eric@eric.com", "password"=>"[FILTERED]"}}
Completed 500 Internal Server Error in 17ms (ActiveRecord: 0.0ms)



NameError - uninitialized constant User::PrescenceValidator:
  app/models/user.rb:15:in `<class:User>'
  app/models/user.rb:13:in `<main>'
  app/controllers/sessions_controller.rb:16:in `create'

Started POST "/__better_errors/c52c1b12df27af98/variables" for 127.0.0.1 at 2019-01-31 15:16:58 -0800
Started GET "/" for 127.0.0.1 at 2019-01-31 15:37:04 -0800
Processing by Rails::WelcomeController#index as HTML
  Rendering /Users/erictso/.rvm/gems/ruby-2.5.1/gems/railties-5.2.2/lib/rails/templates/rails/welcome/index.html.erb
  Rendered /Users/erictso/.rvm/gems/ruby-2.5.1/gems/railties-5.2.2/lib/rails/templates/rails/welcome/index.html.erb (2.3ms)
Completed 200 OK in 10ms (Views: 5.7ms | ActiveRecord: 0.0ms)


Started GET "/users/new" for 127.0.0.1 at 2019-01-31 15:37:10 -0800
Processing by UsersController#new as HTML
  Rendering users/new.html.erb within layouts/application
  Rendered users/new.html.erb within layouts/application (0.7ms)
Completed 500 Internal Server Error in 36ms (ActiveRecord: 0.0ms)



ArgumentError - Unknown validator: 'PrescenceValidator':
  app/models/user.rb:15:in `<class:User>'
  app/models/user.rb:13:in `<main>'
  app/controllers/application_controller.rb:16:in `current_user'
  app/controllers/application_controller.rb:27:in `logged_in?'
  app/views/layouts/application.html.erb:14:in `_app_views_layouts_application_html_erb__2062192130315009937_70148942733620'
  app/controllers/users_controller.rb:14:in `new'

Started POST "/__better_errors/387471cc5d29e2d9/variables" for 127.0.0.1 at 2019-01-31 15:37:10 -0800
Started GET "/users/new" for 127.0.0.1 at 2019-01-31 15:38:58 -0800
Processing by UsersController#new as HTML
  Rendering users/new.html.erb within layouts/application
  Rendered users/new.html.erb within layouts/application (0.6ms)
  [1m[36mUser Load (2.2ms)[0m  [1m[34mSELECT  "users".* FROM "users" WHERE "users"."session_token" IS NULL LIMIT $1[0m  [["LIMIT", 1]]
  ↳ app/controllers/application_controller.rb:16
Completed 200 OK in 34ms (Views: 26.7ms | ActiveRecord: 6.9ms)


Started GET "/users" for 127.0.0.1 at 2019-01-31 15:39:04 -0800
  
ActionController::RoutingError (No route matches [GET] "/users"):
  
actionpack (5.2.2) lib/action_dispatch/middleware/debug_exceptions.rb:65:in `call'
web-console (3.7.0) lib/web_console/middleware.rb:135:in `call_app'
web-console (3.7.0) lib/web_console/middleware.rb:30:in `block in call'
web-console (3.7.0) lib/web_console/middleware.rb:20:in `catch'
web-console (3.7.0) lib/web_console/middleware.rb:20:in `call'
actionpack (5.2.2) lib/action_dispatch/middleware/show_exceptions.rb:33:in `call'
railties (5.2.2) lib/rails/rack/logger.rb:38:in `call_app'
railties (5.2.2) lib/rails/rack/logger.rb:26:in `block in call'
activesupport (5.2.2) lib/active_support/tagged_logging.rb:71:in `block in tagged'
activesupport (5.2.2) lib/active_support/tagged_logging.rb:28:in `tagged'
activesupport (5.2.2) lib/active_support/tagged_logging.rb:71:in `tagged'
railties (5.2.2) lib/rails/rack/logger.rb:26:in `call'
sprockets-rails (3.2.1) lib/sprockets/rails/quiet_assets.rb:13:in `call'
actionpack (5.2.2) lib/action_dispatch/middleware/remote_ip.rb:81:in `call'
actionpack (5.2.2) lib/action_dispatch/middleware/request_id.rb:27:in `call'
rack (2.0.6) lib/rack/method_override.rb:22:in `call'
rack (2.0.6) lib/rack/runtime.rb:22:in `call'
activesupport (5.2.2) lib/active_support/cache/strategy/local_cache_middleware.rb:29:in `call'
actionpack (5.2.2) lib/action_dispatch/middleware/executor.rb:14:in `call'
actionpack (5.2.2) lib/action_dispatch/middleware/static.rb:127:in `call'
rack (2.0.6) lib/rack/sendfile.rb:111:in `call'
railties (5.2.2) lib/rails/engine.rb:524:in `call'
puma (3.12.0) lib/puma/configuration.rb:225:in `call'
puma (3.12.0) lib/puma/server.rb:658:in `handle_request'
puma (3.12.0) lib/puma/server.rb:472:in `process_client'
puma (3.12.0) lib/puma/server.rb:332:in `block in run'
puma (3.12.0) lib/puma/thread_pool.rb:133:in `block in spawn_thread'
Started GET "/users" for 127.0.0.1 at 2019-01-31 15:39:38 -0800
  
ActionController::RoutingError (No route matches [GET] "/users"):
  
actionpack (5.2.2) lib/action_dispatch/middleware/debug_exceptions.rb:65:in `call'
web-console (3.7.0) lib/web_console/middleware.rb:135:in `call_app'
web-console (3.7.0) lib/web_console/middleware.rb:30:in `block in call'
web-console (3.7.0) lib/web_console/middleware.rb:20:in `catch'
web-console (3.7.0) lib/web_console/middleware.rb:20:in `call'
actionpack (5.2.2) lib/action_dispatch/middleware/show_exceptions.rb:33:in `call'
railties (5.2.2) lib/rails/rack/logger.rb:38:in `call_app'
railties (5.2.2) lib/rails/rack/logger.rb:26:in `block in call'
activesupport (5.2.2) lib/active_support/tagged_logging.rb:71:in `block in tagged'
activesupport (5.2.2) lib/active_support/tagged_logging.rb:28:in `tagged'
activesupport (5.2.2) lib/active_support/tagged_logging.rb:71:in `tagged'
railties (5.2.2) lib/rails/rack/logger.rb:26:in `call'
sprockets-rails (3.2.1) lib/sprockets/rails/quiet_assets.rb:13:in `call'
actionpack (5.2.2) lib/action_dispatch/middleware/remote_ip.rb:81:in `call'
actionpack (5.2.2) lib/action_dispatch/middleware/request_id.rb:27:in `call'
rack (2.0.6) lib/rack/method_override.rb:22:in `call'
rack (2.0.6) lib/rack/runtime.rb:22:in `call'
activesupport (5.2.2) lib/active_support/cache/strategy/local_cache_middleware.rb:29:in `call'
actionpack (5.2.2) lib/action_dispatch/middleware/executor.rb:14:in `call'
actionpack (5.2.2) lib/action_dispatch/middleware/static.rb:127:in `call'
rack (2.0.6) lib/rack/sendfile.rb:111:in `call'
railties (5.2.2) lib/rails/engine.rb:524:in `call'
puma (3.12.0) lib/puma/configuration.rb:225:in `call'
puma (3.12.0) lib/puma/server.rb:658:in `handle_request'
puma (3.12.0) lib/puma/server.rb:472:in `process_client'
puma (3.12.0) lib/puma/server.rb:332:in `block in run'
puma (3.12.0) lib/puma/thread_pool.rb:133:in `block in spawn_thread'
Started GET "/users/new" for 127.0.0.1 at 2019-01-31 15:39:46 -0800
Processing by UsersController#new as HTML
  Rendering users/new.html.erb within layouts/application
  Rendered users/new.html.erb within layouts/application (0.5ms)
  [1m[36mUser Load (0.5ms)[0m  [1m[34mSELECT  "users".* FROM "users" WHERE "users"."session_token" IS NULL LIMIT $1[0m  [["LIMIT", 1]]
  ↳ app/controllers/application_controller.rb:16
Completed 200 OK in 22ms (Views: 20.6ms | ActiveRecord: 0.5ms)


Started POST "/users" for 127.0.0.1 at 2019-01-31 15:40:06 -0800
Processing by UsersController#create as HTML
  Parameters: {"user"=>{"email"=>"etso14@yahoo.com", "password"=>"[FILTERED]"}}
Can't verify CSRF token authenticity.
Completed 422 Unprocessable Entity in 1ms (ActiveRecord: 0.0ms)



ActionController::InvalidAuthenticityToken - ActionController::InvalidAuthenticityToken:

Started POST "/__better_errors/8dadda0e285d82c0/variables" for 127.0.0.1 at 2019-01-31 15:40:06 -0800
Started GET "/users/new" for 127.0.0.1 at 2019-01-31 15:45:34 -0800
Processing by UsersController#new as HTML
  Rendering users/new.html.erb within layouts/application
  Rendered users/new.html.erb within layouts/application (0.6ms)
  [1m[36mUser Load (0.6ms)[0m  [1m[34mSELECT  "users".* FROM "users" WHERE "users"."session_token" IS NULL LIMIT $1[0m  [["LIMIT", 1]]
  ↳ app/controllers/application_controller.rb:16
Completed 200 OK in 28ms (Views: 26.7ms | ActiveRecord: 0.6ms)


Started POST "/users" for 127.0.0.1 at 2019-01-31 15:49:14 -0800
Processing by UsersController#create as HTML
  Parameters: {"authenticity_token"=>"n+YEQx1TrTDTezNa+8zH/aTLRw569ekEcIuOQRlo5grz8sJgl3ZIgK011oDW8kAmXZNkFC8T7cYex+CqalBwDw==", "user"=>{"email"=>"eric1@eric1.com", "password"=>"[FILTERED]"}}
  [1m[35m (0.2ms)[0m  [1m[35mBEGIN[0m
  ↳ app/controllers/users_controller.rb:19
  [1m[36mUser Exists (0.8ms)[0m  [1m[34mSELECT  1 AS one FROM "users" WHERE "users"."email" = $1 LIMIT $2[0m  [["email", "eric1@eric1.com"], ["LIMIT", 1]]
  ↳ app/controllers/users_controller.rb:19
  [1m[36mUser Exists (0.3ms)[0m  [1m[34mSELECT  1 AS one FROM "users" WHERE "users"."session_token" = $1 LIMIT $2[0m  [["session_token", "Z2oeSojmYxsNEmrODNB0JA"], ["LIMIT", 1]]
  ↳ app/controllers/users_controller.rb:19
  [1m[36mUser Create (2.1ms)[0m  [1m[32mINSERT INTO "users" ("email", "password_digest", "session_token", "created_at", "updated_at") VALUES ($1, $2, $3, $4, $5) RETURNING "id"[0m  [["email", "eric1@eric1.com"], ["password_digest", "$2a$10$HWGUDHkHOuAS4xdwGMew3eL9BBgeR//0GMWrErWjm0bAuBx7pSDMm"], ["session_token", "Z2oeSojmYxsNEmrODNB0JA"], ["created_at", "2019-01-31 23:49:14.308801"], ["updated_at", "2019-01-31 23:49:14.308801"]]
  ↳ app/controllers/users_controller.rb:19
  [1m[35m (0.4ms)[0m  [1m[35mCOMMIT[0m
  ↳ app/controllers/users_controller.rb:19
  [1m[35m (0.1ms)[0m  [1m[35mBEGIN[0m
  ↳ app/models/user.rb:57
  [1m[36mUser Exists (0.4ms)[0m  [1m[34mSELECT  1 AS one FROM "users" WHERE "users"."email" = $1 AND "users"."id" != $2 LIMIT $3[0m  [["email", "eric1@eric1.com"], ["id", 1], ["LIMIT", 1]]
  ↳ app/models/user.rb:57
  [1m[36mUser Exists (0.3ms)[0m  [1m[34mSELECT  1 AS one FROM "users" WHERE "users"."session_token" = $1 AND "users"."id" != $2 LIMIT $3[0m  [["session_token", "oiVC3P4pU2gYHdcw--rMGA"], ["id", 1], ["LIMIT", 1]]
  ↳ app/models/user.rb:57
  [1m[36mUser Update (0.4ms)[0m  [1m[33mUPDATE "users" SET "session_token" = $1, "updated_at" = $2 WHERE "users"."id" = $3[0m  [["session_token", "oiVC3P4pU2gYHdcw--rMGA"], ["updated_at", "2019-01-31 23:49:14.315403"], ["id", 1]]
  ↳ app/models/user.rb:57
  [1m[35m (0.3ms)[0m  [1m[35mCOMMIT[0m
  ↳ app/models/user.rb:57
Redirected to http://localhost:3000/users/1
Completed 302 Found in 99ms (ActiveRecord: 10.1ms)


Started GET "/users/1" for 127.0.0.1 at 2019-01-31 15:49:14 -0800
Processing by UsersController#show as HTML
  Parameters: {"id"=>"1"}
  Rendering users/show.html.erb within layouts/application
  [1m[36mUser Load (0.3ms)[0m  [1m[34mSELECT  "users".* FROM "users" WHERE "users"."session_token" = $1 LIMIT $2[0m  [["session_token", "oiVC3P4pU2gYHdcw--rMGA"], ["LIMIT", 1]]
  ↳ app/controllers/application_controller.rb:16
  Rendered users/show.html.erb within layouts/application (12.2ms)
Completed 500 Internal Server Error in 301ms (ActiveRecord: 0.5ms)



NameError - undefined local variable or method `bands_url' for #<#<Class:0x00007f99a63963f8>:0x00007f99a9039220>:
  app/views/layouts/application.html.erb:16:in `_app_views_layouts_application_html_erb__2062192130315009937_70148961087220'

Started POST "/__better_errors/ee61ff2d61c1483c/variables" for 127.0.0.1 at 2019-01-31 15:49:14 -0800
Started GET "/users/new" for 127.0.0.1 at 2019-01-31 15:50:35 -0800
Processing by UsersController#new as HTML
  Rendering users/new.html.erb within layouts/application
  Rendered users/new.html.erb within layouts/application (0.5ms)
  [1m[36mUser Load (0.6ms)[0m  [1m[34mSELECT  "users".* FROM "users" WHERE "users"."session_token" = $1 LIMIT $2[0m  [["session_token", "oiVC3P4pU2gYHdcw--rMGA"], ["LIMIT", 1]]
  ↳ app/controllers/application_controller.rb:16
Completed 200 OK in 17ms (Views: 16.5ms | ActiveRecord: 0.6ms)


Started GET "/users/new" for 127.0.0.1 at 2019-01-31 15:50:54 -0800
Processing by UsersController#new as HTML
  Rendering users/new.html.erb within layouts/application
  Rendered users/new.html.erb within layouts/application (0.4ms)
  [1m[36mUser Load (0.4ms)[0m  [1m[34mSELECT  "users".* FROM "users" WHERE "users"."session_token" = $1 LIMIT $2[0m  [["session_token", "oiVC3P4pU2gYHdcw--rMGA"], ["LIMIT", 1]]
  ↳ app/controllers/application_controller.rb:16
Completed 200 OK in 16ms (Views: 15.2ms | ActiveRecord: 0.4ms)


Started DELETE "/session" for 127.0.0.1 at 2019-01-31 15:50:57 -0800
Processing by SessionsController#destroy as HTML
  Parameters: {"authenticity_token"=>"R5z0O5x5NdD0HefVlvB0euSYB9YQPDt+C6MZalue06EriDIYFlzQYIpTAg+7zvOhHcAkzEXaP7xl73eBKKZFpA=="}
  [1m[36mUser Load (0.4ms)[0m  [1m[34mSELECT  "users".* FROM "users" WHERE "users"."session_token" = $1 LIMIT $2[0m  [["session_token", "oiVC3P4pU2gYHdcw--rMGA"], ["LIMIT", 1]]
  ↳ app/controllers/application_controller.rb:16
  [1m[35m (0.2ms)[0m  [1m[35mBEGIN[0m
  ↳ app/models/user.rb:57
  [1m[36mUser Exists (0.4ms)[0m  [1m[34mSELECT  1 AS one FROM "users" WHERE "users"."email" = $1 AND "users"."id" != $2 LIMIT $3[0m  [["email", "eric1@eric1.com"], ["id", 1], ["LIMIT", 1]]
  ↳ app/models/user.rb:57
  [1m[36mUser Exists (0.4ms)[0m  [1m[34mSELECT  1 AS one FROM "users" WHERE "users"."session_token" = $1 AND "users"."id" != $2 LIMIT $3[0m  [["session_token", "izDFoY9I6R1n58r_ttF1XA"], ["id", 1], ["LIMIT", 1]]
  ↳ app/models/user.rb:57
  [1m[36mUser Update (0.4ms)[0m  [1m[33mUPDATE "users" SET "session_token" = $1, "updated_at" = $2 WHERE "users"."id" = $3[0m  [["session_token", "izDFoY9I6R1n58r_ttF1XA"], ["updated_at", "2019-01-31 23:50:57.620994"], ["id", 1]]
  ↳ app/models/user.rb:57
  [1m[35m (0.3ms)[0m  [1m[35mCOMMIT[0m
  ↳ app/models/user.rb:57
Redirected to http://localhost:3000/session/new
Completed 302 Found in 7ms (ActiveRecord: 2.1ms)


Started GET "/session/new" for 127.0.0.1 at 2019-01-31 15:50:57 -0800
Processing by SessionsController#new as HTML
  Rendering sessions/new.html.erb within layouts/application
  Rendered sessions/new.html.erb within layouts/application (0.8ms)
  [1m[36mUser Load (0.4ms)[0m  [1m[34mSELECT  "users".* FROM "users" WHERE "users"."session_token" = $1 LIMIT $2[0m  [["session_token", "oiVC3P4pU2gYHdcw--rMGA"], ["LIMIT", 1]]
  ↳ app/controllers/application_controller.rb:16
Completed 200 OK in 18ms (Views: 17.1ms | ActiveRecord: 0.4ms)


Started GET "/session/new" for 127.0.0.1 at 2019-01-31 15:51:59 -0800
Processing by SessionsController#new as HTML
  Rendering sessions/new.html.erb within layouts/application
  Rendered sessions/new.html.erb within layouts/application (0.6ms)
  [1m[36mUser Load (0.4ms)[0m  [1m[34mSELECT  "users".* FROM "users" WHERE "users"."session_token" = $1 LIMIT $2[0m  [["session_token", "oiVC3P4pU2gYHdcw--rMGA"], ["LIMIT", 1]]
  ↳ app/controllers/application_controller.rb:16
Completed 200 OK in 17ms (Views: 16.7ms | ActiveRecord: 0.4ms)


Started GET "/users/new" for 127.0.0.1 at 2019-01-31 15:52:05 -0800
Processing by UsersController#new as HTML
  Rendering users/new.html.erb within layouts/application
  Rendered users/new.html.erb within layouts/application (0.5ms)
  [1m[36mUser Load (0.3ms)[0m  [1m[34mSELECT  "users".* FROM "users" WHERE "users"."session_token" = $1 LIMIT $2[0m  [["session_token", "oiVC3P4pU2gYHdcw--rMGA"], ["LIMIT", 1]]
  ↳ app/controllers/application_controller.rb:16
Completed 200 OK in 17ms (Views: 15.9ms | ActiveRecord: 0.3ms)


Started GET "/users/new" for 127.0.0.1 at 2019-01-31 15:52:39 -0800
Processing by UsersController#new as HTML
  Rendering users/new.html.erb within layouts/application
  Rendered users/new.html.erb within layouts/application (0.5ms)
  [1m[36mUser Load (0.3ms)[0m  [1m[34mSELECT  "users".* FROM "users" WHERE "users"."session_token" = $1 LIMIT $2[0m  [["session_token", "oiVC3P4pU2gYHdcw--rMGA"], ["LIMIT", 1]]
  ↳ app/controllers/application_controller.rb:16
Completed 200 OK in 17ms (Views: 15.9ms | ActiveRecord: 0.3ms)


Started GET "/users/new" for 127.0.0.1 at 2019-01-31 15:52:43 -0800
Processing by UsersController#new as HTML
  Rendering users/new.html.erb within layouts/application
  Rendered users/new.html.erb within layouts/application (0.6ms)
  [1m[36mUser Load (0.2ms)[0m  [1m[34mSELECT  "users".* FROM "users" WHERE "users"."session_token" = $1 LIMIT $2[0m  [["session_token", "oiVC3P4pU2gYHdcw--rMGA"], ["LIMIT", 1]]
  ↳ app/controllers/application_controller.rb:16
Completed 200 OK in 18ms (Views: 17.3ms | ActiveRecord: 0.2ms)


Started GET "/users" for 127.0.0.1 at 2019-01-31 15:52:50 -0800
  
ActionController::RoutingError (No route matches [GET] "/users"):
  
actionpack (5.2.2) lib/action_dispatch/middleware/debug_exceptions.rb:65:in `call'
web-console (3.7.0) lib/web_console/middleware.rb:135:in `call_app'
web-console (3.7.0) lib/web_console/middleware.rb:30:in `block in call'
web-console (3.7.0) lib/web_console/middleware.rb:20:in `catch'
web-console (3.7.0) lib/web_console/middleware.rb:20:in `call'
actionpack (5.2.2) lib/action_dispatch/middleware/show_exceptions.rb:33:in `call'
railties (5.2.2) lib/rails/rack/logger.rb:38:in `call_app'
railties (5.2.2) lib/rails/rack/logger.rb:26:in `block in call'
activesupport (5.2.2) lib/active_support/tagged_logging.rb:71:in `block in tagged'
activesupport (5.2.2) lib/active_support/tagged_logging.rb:28:in `tagged'
activesupport (5.2.2) lib/active_support/tagged_logging.rb:71:in `tagged'
railties (5.2.2) lib/rails/rack/logger.rb:26:in `call'
sprockets-rails (3.2.1) lib/sprockets/rails/quiet_assets.rb:13:in `call'
actionpack (5.2.2) lib/action_dispatch/middleware/remote_ip.rb:81:in `call'
actionpack (5.2.2) lib/action_dispatch/middleware/request_id.rb:27:in `call'
rack (2.0.6) lib/rack/method_override.rb:22:in `call'
rack (2.0.6) lib/rack/runtime.rb:22:in `call'
activesupport (5.2.2) lib/active_support/cache/strategy/local_cache_middleware.rb:29:in `call'
actionpack (5.2.2) lib/action_dispatch/middleware/executor.rb:14:in `call'
actionpack (5.2.2) lib/action_dispatch/middleware/static.rb:127:in `call'
rack (2.0.6) lib/rack/sendfile.rb:111:in `call'
railties (5.2.2) lib/rails/engine.rb:524:in `call'
puma (3.12.0) lib/puma/configuration.rb:225:in `call'
puma (3.12.0) lib/puma/server.rb:658:in `handle_request'
puma (3.12.0) lib/puma/server.rb:472:in `process_client'
puma (3.12.0) lib/puma/server.rb:332:in `block in run'
puma (3.12.0) lib/puma/thread_pool.rb:133:in `block in spawn_thread'
Started GET "/users/new" for 127.0.0.1 at 2019-01-31 15:52:52 -0800
Processing by UsersController#new as HTML
  Rendering users/new.html.erb within layouts/application
  Rendered users/new.html.erb within layouts/application (0.5ms)
  [1m[36mUser Load (0.3ms)[0m  [1m[34mSELECT  "users".* FROM "users" WHERE "users"."session_token" = $1 LIMIT $2[0m  [["session_token", "oiVC3P4pU2gYHdcw--rMGA"], ["LIMIT", 1]]
  ↳ app/controllers/application_controller.rb:16
Completed 200 OK in 20ms (Views: 18.8ms | ActiveRecord: 0.3ms)


Started GET "/users/new" for 127.0.0.1 at 2019-01-31 16:02:53 -0800
Processing by UsersController#new as HTML
  Rendering users/new.html.erb within layouts/application
  Rendered users/new.html.erb within layouts/application (0.5ms)
  [1m[36mUser Load (1.5ms)[0m  [1m[34mSELECT  "users".* FROM "users" WHERE "users"."session_token" = $1 LIMIT $2[0m  [["session_token", "oiVC3P4pU2gYHdcw--rMGA"], ["LIMIT", 1]]
  ↳ app/controllers/application_controller.rb:16
Completed 200 OK in 29ms (Views: 22.8ms | ActiveRecord: 5.8ms)


Started GET "/users/new" for 127.0.0.1 at 2019-01-31 16:09:29 -0800
Processing by UsersController#new as HTML
  Rendering users/new.html.erb within layouts/application
  Rendered users/new.html.erb within layouts/application (0.5ms)
  [1m[36mUser Load (1.5ms)[0m  [1m[34mSELECT  "users".* FROM "users" WHERE "users"."session_token" = $1 LIMIT $2[0m  [["session_token", "oiVC3P4pU2gYHdcw--rMGA"], ["LIMIT", 1]]
  ↳ app/controllers/application_controller.rb:16
Completed 200 OK in 35ms (Views: 28.8ms | ActiveRecord: 6.2ms)


Started POST "/users" for 127.0.0.1 at 2019-01-31 16:09:40 -0800
Processing by UsersController#create as HTML
  Parameters: {"authenticity_token"=>"UDcMeTDjSQdSMM7bL8voYJMMrdNFYIbXyZB5+vooE688I8pausastyx+KwEC9W+7alSOyRCGghWn3BcRiRCFqg==", "user"=>{"email"=>"eric1@eric1.com", "password"=>"[FILTERED]"}}
  [1m[35m (0.2ms)[0m  [1m[35mBEGIN[0m
  ↳ app/controllers/users_controller.rb:19
  [1m[36mUser Exists (0.4ms)[0m  [1m[34mSELECT  1 AS one FROM "users" WHERE "users"."email" = $1 LIMIT $2[0m  [["email", "eric1@eric1.com"], ["LIMIT", 1]]
  ↳ app/controllers/users_controller.rb:19
  [1m[36mUser Exists (0.4ms)[0m  [1m[34mSELECT  1 AS one FROM "users" WHERE "users"."session_token" = $1 LIMIT $2[0m  [["session_token", "tfQlFWhSLLUiVtZjQL9liQ"], ["LIMIT", 1]]
  ↳ app/controllers/users_controller.rb:19
  [1m[35m (0.2ms)[0m  [1m[31mROLLBACK[0m
  ↳ app/controllers/users_controller.rb:19
  Rendering users/new.html.erb within layouts/application
  Rendered users/new.html.erb within layouts/application (0.7ms)
  [1m[36mUser Load (0.4ms)[0m  [1m[34mSELECT  "users".* FROM "users" WHERE "users"."session_token" = $1 LIMIT $2[0m  [["session_token", "oiVC3P4pU2gYHdcw--rMGA"], ["LIMIT", 1]]
  ↳ app/controllers/application_controller.rb:16
Completed 200 OK in 106ms (Views: 18.2ms | ActiveRecord: 1.6ms)


Started GET "/session/new" for 127.0.0.1 at 2019-01-31 16:09:49 -0800
Processing by SessionsController#new as HTML
  Rendering sessions/new.html.erb within layouts/application
  Rendered sessions/new.html.erb within layouts/application (0.7ms)
  [1m[36mUser Load (0.6ms)[0m  [1m[34mSELECT  "users".* FROM "users" WHERE "users"."session_token" = $1 LIMIT $2[0m  [["session_token", "oiVC3P4pU2gYHdcw--rMGA"], ["LIMIT", 1]]
  ↳ app/controllers/application_controller.rb:16
Completed 200 OK in 29ms (Views: 28.1ms | ActiveRecord: 0.6ms)


Started POST "/session" for 127.0.0.1 at 2019-01-31 16:09:57 -0800
Processing by SessionsController#create as HTML
  Parameters: {"authenticity_token"=>"uCtD1oYj9i/4G7pfKeXpt9hIhltPxVAthAniNrH/mHzUP4X1DAYTn4ZVX4UE225sIRClQRojVO/qRYzdwscOeQ==", "user"=>{"email"=>"eric1@eric1.com", "password"=>"[FILTERED]"}}
  [1m[36mUser Load (0.3ms)[0m  [1m[34mSELECT  "users".* FROM "users" WHERE "users"."email" = $1 LIMIT $2[0m  [["email", "eric1@eric1.com"], ["LIMIT", 1]]
  ↳ app/models/user.rb:33
  [1m[35m (0.1ms)[0m  [1m[35mBEGIN[0m
  ↳ app/models/user.rb:57
  [1m[36mUser Exists (0.4ms)[0m  [1m[34mSELECT  1 AS one FROM "users" WHERE "users"."email" = $1 AND "users"."id" != $2 LIMIT $3[0m  [["email", "eric1@eric1.com"], ["id", 1], ["LIMIT", 1]]
  ↳ app/models/user.rb:57
  [1m[36mUser Exists (0.3ms)[0m  [1m[34mSELECT  1 AS one FROM "users" WHERE "users"."session_token" = $1 AND "users"."id" != $2 LIMIT $3[0m  [["session_token", "OpiV3sufvyg7ihTMzTtOUQ"], ["id", 1], ["LIMIT", 1]]
  ↳ app/models/user.rb:57
  [1m[36mUser Update (0.5ms)[0m  [1m[33mUPDATE "users" SET "session_token" = $1, "updated_at" = $2 WHERE "users"."id" = $3[0m  [["session_token", "OpiV3sufvyg7ihTMzTtOUQ"], ["updated_at", "2019-02-01 00:09:57.682066"], ["id", 1]]
  ↳ app/models/user.rb:57
  [1m[35m (1.2ms)[0m  [1m[35mCOMMIT[0m
  ↳ app/models/user.rb:57
Redirected to http://localhost:3000/users/1
Completed 302 Found in 69ms (ActiveRecord: 3.0ms)


Started GET "/users/1" for 127.0.0.1 at 2019-01-31 16:09:57 -0800
Processing by UsersController#show as HTML
  Parameters: {"id"=>"1"}
  Rendering users/show.html.erb within layouts/application
  [1m[36mUser Load (0.4ms)[0m  [1m[34mSELECT  "users".* FROM "users" WHERE "users"."session_token" = $1 LIMIT $2[0m  [["session_token", "OpiV3sufvyg7ihTMzTtOUQ"], ["LIMIT", 1]]
  ↳ app/controllers/application_controller.rb:16
  Rendered users/show.html.erb within layouts/application (1.7ms)
Completed 200 OK in 20ms (Views: 16.5ms | ActiveRecord: 0.4ms)


Started DELETE "/session" for 127.0.0.1 at 2019-01-31 16:10:25 -0800
Processing by SessionsController#destroy as HTML
  Parameters: {"authenticity_token"=>"rxaBAQZwlKAS6N+rE864Y6E1X5sMwCDN9WgdRvai3/nDAkcijFVxEGymOnE+8D+4WG18gVkmJA+bJHOthZpJ/A=="}
  [1m[36mUser Load (0.3ms)[0m  [1m[34mSELECT  "users".* FROM "users" WHERE "users"."session_token" = $1 LIMIT $2[0m  [["session_token", "OpiV3sufvyg7ihTMzTtOUQ"], ["LIMIT", 1]]
  ↳ app/controllers/application_controller.rb:16
  [1m[35m (0.1ms)[0m  [1m[35mBEGIN[0m
  ↳ app/models/user.rb:57
  [1m[36mUser Exists (0.4ms)[0m  [1m[34mSELECT  1 AS one FROM "users" WHERE "users"."email" = $1 AND "users"."id" != $2 LIMIT $3[0m  [["email", "eric1@eric1.com"], ["id", 1], ["LIMIT", 1]]
  ↳ app/models/user.rb:57
  [1m[36mUser Exists (0.3ms)[0m  [1m[34mSELECT  1 AS one FROM "users" WHERE "users"."session_token" = $1 AND "users"."id" != $2 LIMIT $3[0m  [["session_token", "U5m12MYfGjNaPv316OvWWQ"], ["id", 1], ["LIMIT", 1]]
  ↳ app/models/user.rb:57
  [1m[36mUser Update (0.3ms)[0m  [1m[33mUPDATE "users" SET "session_token" = $1, "updated_at" = $2 WHERE "users"."id" = $3[0m  [["session_token", "U5m12MYfGjNaPv316OvWWQ"], ["updated_at", "2019-02-01 00:10:25.739947"], ["id", 1]]
  ↳ app/models/user.rb:57
  [1m[35m (0.3ms)[0m  [1m[35mCOMMIT[0m
  ↳ app/models/user.rb:57
Redirected to http://localhost:3000/session/new
Completed 302 Found in 6ms (ActiveRecord: 1.8ms)


Started GET "/session/new" for 127.0.0.1 at 2019-01-31 16:10:25 -0800
Processing by SessionsController#new as HTML
  Rendering sessions/new.html.erb within layouts/application
  Rendered sessions/new.html.erb within layouts/application (0.5ms)
  [1m[36mUser Load (0.5ms)[0m  [1m[34mSELECT  "users".* FROM "users" WHERE "users"."session_token" = $1 LIMIT $2[0m  [["session_token", "OpiV3sufvyg7ihTMzTtOUQ"], ["LIMIT", 1]]
  ↳ app/controllers/application_controller.rb:16
Completed 200 OK in 20ms (Views: 18.5ms | ActiveRecord: 0.5ms)


Started POST "/session" for 127.0.0.1 at 2019-01-31 16:10:56 -0800
Processing by SessionsController#create as HTML
  Parameters: {"authenticity_token"=>"j8sKEb3MQLsAucmQ0jKRdgmwEodx0rUXFu+TJZafe1fj38wyN+mlC373LEr/DBat8OgxnSQ0sdV4o/3O5aftUg==", "user"=>{"email"=>"eric1@eric1.com", "password"=>"[FILTERED]"}}
  [1m[36mUser Load (0.5ms)[0m  [1m[34mSELECT  "users".* FROM "users" WHERE "users"."email" = $1 LIMIT $2[0m  [["email", "eric1@eric1.com"], ["LIMIT", 1]]
  ↳ app/models/user.rb:33
  [1m[35m (0.2ms)[0m  [1m[35mBEGIN[0m
  ↳ app/models/user.rb:57
  [1m[36mUser Exists (0.4ms)[0m  [1m[34mSELECT  1 AS one FROM "users" WHERE "users"."email" = $1 AND "users"."id" != $2 LIMIT $3[0m  [["email", "eric1@eric1.com"], ["id", 1], ["LIMIT", 1]]
  ↳ app/models/user.rb:57
  [1m[36mUser Exists (0.4ms)[0m  [1m[34mSELECT  1 AS one FROM "users" WHERE "users"."session_token" = $1 AND "users"."id" != $2 LIMIT $3[0m  [["session_token", "slsAMqc2uv29Srzuv-SgcA"], ["id", 1], ["LIMIT", 1]]
  ↳ app/models/user.rb:57
  [1m[36mUser Update (0.6ms)[0m  [1m[33mUPDATE "users" SET "session_token" = $1, "updated_at" = $2 WHERE "users"."id" = $3[0m  [["session_token", "slsAMqc2uv29Srzuv-SgcA"], ["updated_at", "2019-02-01 00:10:56.145903"], ["id", 1]]
  ↳ app/models/user.rb:57
  [1m[35m (0.5ms)[0m  [1m[35mCOMMIT[0m
  ↳ app/models/user.rb:57
Redirected to http://localhost:3000/users/1
Completed 302 Found in 69ms (ActiveRecord: 2.5ms)


Started GET "/users/1" for 127.0.0.1 at 2019-01-31 16:10:56 -0800
Processing by UsersController#show as HTML
  Parameters: {"id"=>"1"}
  Rendering users/show.html.erb within layouts/application
  [1m[36mUser Load (0.3ms)[0m  [1m[34mSELECT  "users".* FROM "users" WHERE "users"."session_token" = $1 LIMIT $2[0m  [["session_token", "slsAMqc2uv29Srzuv-SgcA"], ["LIMIT", 1]]
  ↳ app/controllers/application_controller.rb:16
  Rendered users/show.html.erb within layouts/application (1.2ms)
Completed 200 OK in 20ms (Views: 16.8ms | ActiveRecord: 0.3ms)


Started GET "/users/1" for 127.0.0.1 at 2019-01-31 16:11:23 -0800
Processing by UsersController#show as HTML
  Parameters: {"id"=>"1"}
  Rendering users/show.html.erb within layouts/application
  [1m[36mUser Load (0.4ms)[0m  [1m[34mSELECT  "users".* FROM "users" WHERE "users"."session_token" = $1 LIMIT $2[0m  [["session_token", "slsAMqc2uv29Srzuv-SgcA"], ["LIMIT", 1]]
  ↳ app/controllers/application_controller.rb:16
  Rendered users/show.html.erb within layouts/application (1.3ms)
Completed 200 OK in 22ms (Views: 18.7ms | ActiveRecord: 0.4ms)


Started DELETE "/session" for 127.0.0.1 at 2019-01-31 16:11:25 -0800
Processing by SessionsController#destroy as HTML
  Parameters: {"authenticity_token"=>"hH5obCfx8xdftPtkyj+/BzFBtlJpzyx5Ba4/bMeIqqfoaq5PrdQWpyH6Hr7nATjcyBmVSDwpKLtr4lGHtLA8og=="}
  [1m[36mUser Load (0.3ms)[0m  [1m[34mSELECT  "users".* FROM "users" WHERE "users"."session_token" = $1 LIMIT $2[0m  [["session_token", "slsAMqc2uv29Srzuv-SgcA"], ["LIMIT", 1]]
  ↳ app/controllers/application_controller.rb:16
  [1m[35m (0.1ms)[0m  [1m[35mBEGIN[0m
  ↳ app/models/user.rb:57
  [1m[36mUser Exists (0.4ms)[0m  [1m[34mSELECT  1 AS one FROM "users" WHERE "users"."email" = $1 AND "users"."id" != $2 LIMIT $3[0m  [["email", "eric1@eric1.com"], ["id", 1], ["LIMIT", 1]]
  ↳ app/models/user.rb:57
  [1m[36mUser Exists (0.3ms)[0m  [1m[34mSELECT  1 AS one FROM "users" WHERE "users"."session_token" = $1 AND "users"."id" != $2 LIMIT $3[0m  [["session_token", "3c5nUHhRbHkL_rlBD4yIoQ"], ["id", 1], ["LIMIT", 1]]
  ↳ app/models/user.rb:57
  [1m[36mUser Update (0.4ms)[0m  [1m[33mUPDATE "users" SET "session_token" = $1, "updated_at" = $2 WHERE "users"."id" = $3[0m  [["session_token", "3c5nUHhRbHkL_rlBD4yIoQ"], ["updated_at", "2019-02-01 00:11:25.625009"], ["id", 1]]
  ↳ app/models/user.rb:57
  [1m[35m (0.4ms)[0m  [1m[35mCOMMIT[0m
  ↳ app/models/user.rb:57
Redirected to http://localhost:3000/session/new
Completed 302 Found in 6ms (ActiveRecord: 1.9ms)


Started GET "/session/new" for 127.0.0.1 at 2019-01-31 16:11:25 -0800
Processing by SessionsController#new as HTML
  Rendering sessions/new.html.erb within layouts/application
  Rendered sessions/new.html.erb within layouts/application (0.5ms)
  [1m[36mUser Load (0.3ms)[0m  [1m[34mSELECT  "users".* FROM "users" WHERE "users"."session_token" = $1 LIMIT $2[0m  [["session_token", "slsAMqc2uv29Srzuv-SgcA"], ["LIMIT", 1]]
  ↳ app/controllers/application_controller.rb:16
Completed 200 OK in 19ms (Views: 18.4ms | ActiveRecord: 0.3ms)


Started POST "/session" for 127.0.0.1 at 2019-01-31 16:11:31 -0800
Processing by SessionsController#create as HTML
  Parameters: {"authenticity_token"=>"AslBtYNuSe/y9vl3kNKBKWQCE7/xZDX/QZagt1aPyLJu3YeWCUusX4y4HK297AbynVowpaSCMT0v2s5cJbdetw==", "user"=>{"email"=>"eric1@eric1.com", "password"=>"[FILTERED]"}}
  [1m[36mUser Load (0.4ms)[0m  [1m[34mSELECT  "users".* FROM "users" WHERE "users"."email" = $1 LIMIT $2[0m  [["email", "eric1@eric1.com"], ["LIMIT", 1]]
  ↳ app/models/user.rb:33
  [1m[35m (0.1ms)[0m  [1m[35mBEGIN[0m
  ↳ app/models/user.rb:57
  [1m[36mUser Exists (0.3ms)[0m  [1m[34mSELECT  1 AS one FROM "users" WHERE "users"."email" = $1 AND "users"."id" != $2 LIMIT $3[0m  [["email", "eric1@eric1.com"], ["id", 1], ["LIMIT", 1]]
  ↳ app/models/user.rb:57
  [1m[36mUser Exists (0.2ms)[0m  [1m[34mSELECT  1 AS one FROM "users" WHERE "users"."session_token" = $1 AND "users"."id" != $2 LIMIT $3[0m  [["session_token", "W_3wbWMASflz2DQP-4_Rvg"], ["id", 1], ["LIMIT", 1]]
  ↳ app/models/user.rb:57
  [1m[36mUser Update (0.3ms)[0m  [1m[33mUPDATE "users" SET "session_token" = $1, "updated_at" = $2 WHERE "users"."id" = $3[0m  [["session_token", "W_3wbWMASflz2DQP-4_Rvg"], ["updated_at", "2019-02-01 00:11:31.091433"], ["id", 1]]
  ↳ app/models/user.rb:57
  [1m[35m (0.5ms)[0m  [1m[35mCOMMIT[0m
  ↳ app/models/user.rb:57
Redirected to http://localhost:3000/users/1
Completed 302 Found in 67ms (ActiveRecord: 1.9ms)


Started GET "/users/1" for 127.0.0.1 at 2019-01-31 16:11:31 -0800
Processing by UsersController#show as HTML
  Parameters: {"id"=>"1"}
  Rendering users/show.html.erb within layouts/application
  [1m[36mUser Load (0.3ms)[0m  [1m[34mSELECT  "users".* FROM "users" WHERE "users"."session_token" = $1 LIMIT $2[0m  [["session_token", "W_3wbWMASflz2DQP-4_Rvg"], ["LIMIT", 1]]
  ↳ app/controllers/application_controller.rb:16
  Rendered users/show.html.erb within layouts/application (1.4ms)
Completed 200 OK in 19ms (Views: 16.8ms | ActiveRecord: 0.3ms)


Started DELETE "/session" for 127.0.0.1 at 2019-01-31 16:11:51 -0800
Processing by SessionsController#destroy as HTML
  Parameters: {"authenticity_token"=>"uOAH92e+l3wuNXcpyu1rWu1g5yzkeTSq72YX3Hk6zyfU9MHU7ZtyzFB7kvPn0+yBFDjENrGfMGiBKnk3CgJZIg=="}
  [1m[36mUser Load (0.3ms)[0m  [1m[34mSELECT  "users".* FROM "users" WHERE "users"."session_token" = $1 LIMIT $2[0m  [["session_token", "W_3wbWMASflz2DQP-4_Rvg"], ["LIMIT", 1]]
  ↳ app/controllers/application_controller.rb:16
  [1m[35m (0.1ms)[0m  [1m[35mBEGIN[0m
  ↳ app/models/user.rb:57
  [1m[36mUser Exists (0.4ms)[0m  [1m[34mSELECT  1 AS one FROM "users" WHERE "users"."email" = $1 AND "users"."id" != $2 LIMIT $3[0m  [["email", "eric1@eric1.com"], ["id", 1], ["LIMIT", 1]]
  ↳ app/models/user.rb:57
  [1m[36mUser Exists (0.3ms)[0m  [1m[34mSELECT  1 AS one FROM "users" WHERE "users"."session_token" = $1 AND "users"."id" != $2 LIMIT $3[0m  [["session_token", "-Bbo09NsVfGMu_J3auId0w"], ["id", 1], ["LIMIT", 1]]
  ↳ app/models/user.rb:57
  [1m[36mUser Update (0.3ms)[0m  [1m[33mUPDATE "users" SET "session_token" = $1, "updated_at" = $2 WHERE "users"."id" = $3[0m  [["session_token", "-Bbo09NsVfGMu_J3auId0w"], ["updated_at", "2019-02-01 00:11:51.456518"], ["id", 1]]
  ↳ app/models/user.rb:57
  [1m[35m (0.4ms)[0m  [1m[35mCOMMIT[0m
  ↳ app/models/user.rb:57
Redirected to http://localhost:3000/session/new
Completed 302 Found in 6ms (ActiveRecord: 1.8ms)


Started GET "/session/new" for 127.0.0.1 at 2019-01-31 16:11:51 -0800
Processing by SessionsController#new as HTML
  Rendering sessions/new.html.erb within layouts/application
  Rendered sessions/new.html.erb within layouts/application (0.6ms)
  [1m[36mUser Load (0.3ms)[0m  [1m[34mSELECT  "users".* FROM "users" WHERE "users"."session_token" = $1 LIMIT $2[0m  [["session_token", "W_3wbWMASflz2DQP-4_Rvg"], ["LIMIT", 1]]
  ↳ app/controllers/application_controller.rb:16
Completed 200 OK in 20ms (Views: 19.6ms | ActiveRecord: 0.3ms)


Started POST "/session" for 127.0.0.1 at 2019-01-31 16:11:53 -0800
Processing by SessionsController#create as HTML
  Parameters: {"authenticity_token"=>"vDXCU2Cu7lnRqw1aYcRkeAV+sZbS/OtOpnhy1bw+elHQIQRw6osL6a/l6IBM+uOj/CaSjIca74zINBw+zwbsVA==", "user"=>{"email"=>"eric1@eric1.com", "password"=>"[FILTERED]"}}
  [1m[36mUser Load (0.3ms)[0m  [1m[34mSELECT  "users".* FROM "users" WHERE "users"."email" = $1 LIMIT $2[0m  [["email", "eric1@eric1.com"], ["LIMIT", 1]]
  ↳ app/models/user.rb:33
  [1m[35m (0.1ms)[0m  [1m[35mBEGIN[0m
  ↳ app/models/user.rb:57
  [1m[36mUser Exists (0.3ms)[0m  [1m[34mSELECT  1 AS one FROM "users" WHERE "users"."email" = $1 AND "users"."id" != $2 LIMIT $3[0m  [["email", "eric1@eric1.com"], ["id", 1], ["LIMIT", 1]]
  ↳ app/models/user.rb:57
  [1m[36mUser Exists (0.2ms)[0m  [1m[34mSELECT  1 AS one FROM "users" WHERE "users"."session_token" = $1 AND "users"."id" != $2 LIMIT $3[0m  [["session_token", "jsFtLVxHwhgZyAFwsKSzUg"], ["id", 1], ["LIMIT", 1]]
  ↳ app/models/user.rb:57
  [1m[36mUser Update (0.3ms)[0m  [1m[33mUPDATE "users" SET "session_token" = $1, "updated_at" = $2 WHERE "users"."id" = $3[0m  [["session_token", "jsFtLVxHwhgZyAFwsKSzUg"], ["updated_at", "2019-02-01 00:11:53.199587"], ["id", 1]]
  ↳ app/models/user.rb:57
  [1m[35m (0.5ms)[0m  [1m[35mCOMMIT[0m
  ↳ app/models/user.rb:57
Redirected to http://localhost:3000/users/1
Completed 302 Found in 68ms (ActiveRecord: 1.9ms)


Started GET "/users/1" for 127.0.0.1 at 2019-01-31 16:11:53 -0800
Processing by UsersController#show as HTML
  Parameters: {"id"=>"1"}
  Rendering users/show.html.erb within layouts/application
  [1m[36mUser Load (0.2ms)[0m  [1m[34mSELECT  "users".* FROM "users" WHERE "users"."session_token" = $1 LIMIT $2[0m  [["session_token", "jsFtLVxHwhgZyAFwsKSzUg"], ["LIMIT", 1]]
  ↳ app/controllers/application_controller.rb:16
  Rendered users/show.html.erb within layouts/application (1.1ms)
Completed 200 OK in 20ms (Views: 16.7ms | ActiveRecord: 0.2ms)


